[debug] [2017-10-03T14:42:19.891Z] ----------------------------------------------------------------------
[debug] [2017-10-03T14:42:19.895Z] Command:       C:\Program Files\nodejs\node.exe C:\Users\Romil\AppData\Roaming\npm\node_modules\firebase-tools\bin\firebase serve
[debug] [2017-10-03T14:42:19.896Z] CLI Version:   3.12.0
[debug] [2017-10-03T14:42:19.896Z] Platform:      win32
[debug] [2017-10-03T14:42:19.896Z] Node Version:  v8.1.2
[debug] [2017-10-03T14:42:19.896Z] Time:          Tue Oct 03 2017 10:42:19 GMT-0400 (US Eastern Daylight Time)
[debug] [2017-10-03T14:42:19.896Z] ----------------------------------------------------------------------
[debug] 
[debug] [2017-10-03T14:42:19.929Z] > command requires scopes: ["email","openid","https://www.googleapis.com/auth/cloudplatformprojects.readonly","https://www.googleapis.com/auth/firebase","https://www.googleapis.com/auth/cloud-platform"]
[debug] [2017-10-03T14:42:19.930Z] > authorizing via signed-in user
[debug] [2017-10-03T14:42:19.935Z] >>> HTTP REQUEST GET https://admin.firebase.com/v1/projects/note-link  
 Tue Oct 03 2017 10:42:19 GMT-0400 (US Eastern Daylight Time)
[debug] [2017-10-03T14:42:20.208Z] <<< HTTP RESPONSE 200
[debug] [2017-10-03T14:42:20.209Z] >>> HTTP REQUEST GET https://admin.firebase.com/v1/database/note-link/tokens  
 Tue Oct 03 2017 10:42:20 GMT-0400 (US Eastern Daylight Time)
[debug] [2017-10-03T14:42:20.445Z] <<< HTTP RESPONSE 200
[info] 
[info] === Serving from 'C:\notelink'...
[info] 
[debug] [2017-10-03T14:42:20.455Z] >>> HTTP REQUEST GET https://cloudresourcemanager.googleapis.com/v1/projects/note-link  
 Tue Oct 03 2017 10:42:20 GMT-0400 (US Eastern Daylight Time)
[debug] [2017-10-03T14:42:20.646Z] <<< HTTP RESPONSE 200
[debug] [2017-10-03T14:42:20.646Z] >>> HTTP REQUEST GET https://mobilesdk-pa.googleapis.com/v1/projects/796749553536/clients/_:getWebAppConfig  
 Tue Oct 03 2017 10:42:20 GMT-0400 (US Eastern Daylight Time)
[debug] [2017-10-03T14:42:20.966Z] <<< HTTP RESPONSE 200
[info] i  hosting: Serving hosting files from: public
[info] +  hosting: Local server: http://localhost:5000

[info] Shutting down...
